"../../../Engine/Content/EditorBlueprintResources/StandardMacros.uasset" 0
"../../../../../../Users/Arnav/Documents/ARNAV/University Stuff/YR2/Advanced Engines/AE_PossessionGame/Content/m015662k/Blueprints/Camera/BP_CameraPawn.uasset" 1
"../../../../../../Users/Arnav/Documents/ARNAV/University Stuff/YR2/Advanced Engines/AE_PossessionGame/Content/m015662k/Assets/UI/Misc/BPI_HealthBar.uasset" 2
"../../../../../../Users/Arnav/Documents/ARNAV/University Stuff/YR2/Advanced Engines/AE_PossessionGame/Content/m015662k/Assets/UI/Sprites/Healthbar_Fill.uasset" 3
"../../../../../../Users/Arnav/Documents/ARNAV/University Stuff/YR2/Advanced Engines/AE_PossessionGame/Content/m015662k/Assets/UI/Sprites/HealthBar_Background.uasset" 4
"../../../../../../Users/Arnav/Documents/ARNAV/University Stuff/YR2/Advanced Engines/AE_PossessionGame/Content/m015662k/Assets/UI/Enemies/UI_ZombieEnemy.uasset" 5
"../../../../../../Users/Arnav/Documents/ARNAV/University Stuff/YR2/Advanced Engines/AE_PossessionGame/Content/m015662k/Characters/Blueprints/EnemyBase_BP.uasset" 6
"../../Plugins/FX/Niagara/Content/Enums/ENiagaraSystemInactiveMode.uasset" 7
"../../Plugins/FX/Niagara/Content/Enums/ENiagara_EmitterStateOptions.uasset" 8
"../../Plugins/FX/Niagara/Content/Functions/System/SystemChangeState.uasset" 9
"../../Plugins/FX/Niagara/Content/Modules/System/SystemState.uasset" 10
"../../Plugins/FX/Niagara/Content/Enums/ENiagaraCoordinateSpace.uasset" 11
"../../Plugins/FX/Niagara/Content/Functions/Localspace/TransformBase.uasset" 12
"../../Plugins/FX/Niagara/Content/Functions/Localspace/TransformVector.uasset" 13
"../../Plugins/FX/Niagara/Content/Modules/Spawn/Velocity/AddVelocity.uasset" 14
"../../Plugins/FX/Niagara/Content/Enums/ENiagaraRandomnessMode.uasset" 15
"../../Plugins/FX/Niagara/Content/Enums/ENiagaraInactiveMode.uasset" 16
"../../Plugins/FX/Niagara/Content/Enums/ENiagaraEmitterScalabilityMode_Limited.uasset" 17
"../../Plugins/FX/Niagara/Content/Enums/ENiagaraEmitterLifeCycleMode.uasset" 18
"../../Plugins/FX/Niagara/Content/Enums/ENiagaraChannelCorrelation.uasset" 19
"../../Plugins/FX/Niagara/Content/Enums/ENiagara_UVFlippingMode.uasset" 20
"../../Plugins/FX/Niagara/Content/Enums/ENiagara_SpriteRotationMode.uasset" 21
"../../Plugins/FX/Niagara/Content/Enums/ENiagara_SizeScaleMode.uasset" 22
"../../Plugins/FX/Niagara/Content/Enums/ENiagara_PositionInitializationMode.uasset" 23
"../../Plugins/FX/Niagara/Content/Enums/ENiagara_MassInitializationMode.uasset" 24
"../../Plugins/FX/Niagara/Content/Enums/ENiagara_LifetimeMode.uasset" 25
"../../Plugins/FX/Niagara/Content/Enums/ENiagara_InfiniteLoopDuration.uasset" 26
"../../Plugins/FX/Niagara/Content/Enums/ENiagara_ColorInitializationMode.uasset" 27
"../../Plugins/FX/Niagara/Content/Modules/Update/Lifetime/ParticleState.uasset" 28
"../../Plugins/FX/Niagara/Content/Enums/ENiagaraRandomnessEvaluation.uasset" 29
"../../Plugins/FX/Niagara/Content/Functions/V2/CalculateRandomRange.uasset" 30
"../../Plugins/FX/Niagara/Content/Functions/V2/CalculateRandomRangeFloat.uasset" 31
"../../Plugins/FX/Niagara/Content/Functions/V2/CalculateRandomRangeInteger.uasset" 32
"../../Plugins/FX/Niagara/Content/Functions/V2/CalculateRandomBool.uasset" 33
"../../Plugins/FX/Niagara/Content/Functions/LinearColor/HueShiftLinearColor.uasset" 34
"../../Plugins/FX/Niagara/Content/Functions/Localspace/SimulationPosition.uasset" 35
"../../Plugins/FX/Niagara/Content/Modules/Spawn/Initialization/V2/InitializeParticle.uasset" 36
"../../Plugins/FX/Niagara/Content/Functions/GetRandomInfo.uasset" 37
"../../Plugins/FX/Niagara/Content/Functions/RandomRangeFloat.uasset" 38
"../../Plugins/FX/Niagara/Content/Modules/Spawn/Initialization/InitializeRibbon.uasset" 39
"../../Plugins/FX/Niagara/Content/Functions/DirectionAndLengthSafe.uasset" 40
"../../Plugins/FX/Niagara/Content/Modules/Solvers/SolveForcesAndVelocity.uasset" 41
"../../Plugins/FX/Niagara/Content/Modules/Ribbons/ScaleRibbonWidth.uasset" 42
"../../Plugins/FX/Niagara/Content/Modules/Emitter/SpawnRate.uasset" 43
"../../Plugins/FX/Niagara/Content/Functions/Emitter/EmitterChangeState.uasset" 44
"../../Plugins/FX/Niagara/Content/Enums/ENiagaraExecutionStateManagement.uasset" 45
"../../Plugins/FX/Niagara/Content/Modules/Emitter/EmitterState.uasset" 46
"../../Plugins/FX/Niagara/Content/DynamicInputs/ValueFromCurve/FloatFromCurve.uasset" 47
"../../../../../../Users/Arnav/Documents/ARNAV/University Stuff/YR2/Advanced Engines/AE_PossessionGame/Content/m015662k/Assets/Materials/M_ParticleBase.uasset" 48
"../../../../../../Users/Arnav/Documents/ARNAV/University Stuff/YR2/Advanced Engines/AE_PossessionGame/Content/m015662k/Assets/Materials/M_BulletTrailInst.uasset" 49
"../../../../../../Users/Arnav/Documents/ARNAV/University Stuff/YR2/Advanced Engines/AE_PossessionGame/Content/m015662k/Assets/Particles/NE_Trail.uasset" 50
"../../../../../../Users/Arnav/Documents/ARNAV/University Stuff/YR2/Advanced Engines/AE_PossessionGame/Content/m015662k/Assets/Particles/NS_Trail.uasset" 51
"../../../../../../Users/Arnav/Documents/ARNAV/University Stuff/YR2/Advanced Engines/AE_PossessionGame/Content/m015662k/Blueprints/Weapon/WeaponData.uasset" 52
"../../../../../../Users/Arnav/Documents/ARNAV/University Stuff/YR2/Advanced Engines/AE_PossessionGame/Content/m015662k/Blueprints/Weapon/CharacterWeaponComponent.uasset" 53
"../../../../../../Users/Arnav/Documents/ARNAV/University Stuff/YR2/Advanced Engines/AE_PossessionGame/Content/m015662k/Assets/UI/Player/UI_PlayerWidget.uasset" 54
"../../../../../../Users/Arnav/Documents/ARNAV/University Stuff/YR2/Advanced Engines/AE_PossessionGame/Content/m015662k/Characters/Blueprints/PossessableCharacter_BP.uasset" 55
"../../../../../../Users/Arnav/Documents/ARNAV/University Stuff/YR2/Advanced Engines/AE_PossessionGame/Content/m015662k/Characters/Viking/VikingHelmet_Skeleton.uasset" 56
"../../../../../../Users/Arnav/Documents/ARNAV/University Stuff/YR2/Advanced Engines/AE_PossessionGame/Content/m015662k/Characters/Viking/VikingHelmet_PhysicsAsset.uasset" 57
"../../../../../../Users/Arnav/Documents/ARNAV/University Stuff/YR2/Advanced Engines/AE_PossessionGame/Content/m015662k/Characters/Viking/Skin.uasset" 58
"../../../../../../Users/Arnav/Documents/ARNAV/University Stuff/YR2/Advanced Engines/AE_PossessionGame/Content/m015662k/Characters/Viking/Pants.uasset" 59
"../../../../../../Users/Arnav/Documents/ARNAV/University Stuff/YR2/Advanced Engines/AE_PossessionGame/Content/m015662k/Characters/Viking/Main.uasset" 60
"../../../../../../Users/Arnav/Documents/ARNAV/University Stuff/YR2/Advanced Engines/AE_PossessionGame/Content/m015662k/Characters/Viking/Light.uasset" 61
"../../../../../../Users/Arnav/Documents/ARNAV/University Stuff/YR2/Advanced Engines/AE_PossessionGame/Content/m015662k/Characters/Viking/Horns.uasset" 62
"../../../../../../Users/Arnav/Documents/ARNAV/University Stuff/YR2/Advanced Engines/AE_PossessionGame/Content/m015662k/Characters/Viking/Helmet.uasset" 63
"../../../../../../Users/Arnav/Documents/ARNAV/University Stuff/YR2/Advanced Engines/AE_PossessionGame/Content/m015662k/Characters/Viking/Hair.uasset" 64
"../../../../../../Users/Arnav/Documents/ARNAV/University Stuff/YR2/Advanced Engines/AE_PossessionGame/Content/m015662k/Characters/Viking/Face.uasset" 65
"../../../../../../Users/Arnav/Documents/ARNAV/University Stuff/YR2/Advanced Engines/AE_PossessionGame/Content/m015662k/Characters/Viking/VikingHelmet.uasset" 66
"../../../Engine/Content/Animation/DefaultAnimCurveCompressionSettings.uasset" 67
"../../../Engine/Content/Animation/DefaultAnimBoneCompressionSettings.uasset" 68
"../../../../../../Users/Arnav/Documents/ARNAV/University Stuff/YR2/Advanced Engines/AE_PossessionGame/Content/m015662k/Characters/Viking/Animations/Viking_Male_CharacterArmature_Run.uasset" 69
"../../../../../../Users/Arnav/Documents/ARNAV/University Stuff/YR2/Advanced Engines/AE_PossessionGame/Content/m015662k/Characters/Viking/Animations/Viking_Male_CharacterArmature_Idle.uasset" 70
"../../../../../../Users/Arnav/Documents/ARNAV/University Stuff/YR2/Advanced Engines/AE_PossessionGame/Content/m015662k/Characters/Viking/Animations/Viking_BS.uasset" 71
"../../../../../../Users/Arnav/Documents/ARNAV/University Stuff/YR2/Advanced Engines/AE_PossessionGame/Content/m015662k/Characters/Viking/Animations/Viking_Male_CharacterArmature_Shoot_OneHanded.uasset" 72
"../../../../../../Users/Arnav/Documents/ARNAV/University Stuff/YR2/Advanced Engines/AE_PossessionGame/Content/m015662k/Characters/Viking/Animations/Viking_AnimBP.uasset" 73
"../../../../../../Users/Arnav/Documents/ARNAV/University Stuff/YR2/Advanced Engines/AE_PossessionGame/Content/m015662k/Characters/Blueprints/BP_Viking.uasset" 74
"../../../../../../Users/Arnav/Documents/ARNAV/University Stuff/YR2/Advanced Engines/AE_PossessionGame/Content/m015662k/Characters/Soldier/Soldier_Male_Skeleton.uasset" 75
"../../../../../../Users/Arnav/Documents/ARNAV/University Stuff/YR2/Advanced Engines/AE_PossessionGame/Content/m015662k/Characters/Soldier/Soldier_Male_PhysicsAsset.uasset" 76
"../../../../../../Users/Arnav/Documents/ARNAV/University Stuff/YR2/Advanced Engines/AE_PossessionGame/Content/m015662k/Characters/Soldier/Skin.uasset" 77
"../../../../../../Users/Arnav/Documents/ARNAV/University Stuff/YR2/Advanced Engines/AE_PossessionGame/Content/m015662k/Characters/Soldier/Main.uasset" 78
"../../../../../../Users/Arnav/Documents/ARNAV/University Stuff/YR2/Advanced Engines/AE_PossessionGame/Content/m015662k/Characters/Soldier/Helmet.uasset" 79
"../../../../../../Users/Arnav/Documents/ARNAV/University Stuff/YR2/Advanced Engines/AE_PossessionGame/Content/m015662k/Characters/Soldier/Face.uasset" 80
"../../../../../../Users/Arnav/Documents/ARNAV/University Stuff/YR2/Advanced Engines/AE_PossessionGame/Content/m015662k/Characters/Soldier/DarkGreen.uasset" 81
"../../../../../../Users/Arnav/Documents/ARNAV/University Stuff/YR2/Advanced Engines/AE_PossessionGame/Content/m015662k/Characters/Soldier/Black.uasset" 82
"../../../../../../Users/Arnav/Documents/ARNAV/University Stuff/YR2/Advanced Engines/AE_PossessionGame/Content/m015662k/Characters/Soldier/Soldier_Male.uasset" 83
"../../../../../../Users/Arnav/Documents/ARNAV/University Stuff/YR2/Advanced Engines/AE_PossessionGame/Content/m015662k/Characters/Soldier/Animations/Soldier_Male_Anim_CharacterArmature_Run.uasset" 84
"../../../../../../Users/Arnav/Documents/ARNAV/University Stuff/YR2/Advanced Engines/AE_PossessionGame/Content/m015662k/Characters/Soldier/Animations/Soldier_Male_Anim_CharacterArmature_Idle.uasset" 85
"../../../../../../Users/Arnav/Documents/ARNAV/University Stuff/YR2/Advanced Engines/AE_PossessionGame/Content/m015662k/Characters/Soldier/Animations/Soldier_BS.uasset" 86
"../../../../../../Users/Arnav/Documents/ARNAV/University Stuff/YR2/Advanced Engines/AE_PossessionGame/Content/m015662k/Characters/Soldier/Animations/Soldier_Male_Anim_CharacterArmature_Shoot_OneHanded.uasset" 87
"../../../../../../Users/Arnav/Documents/ARNAV/University Stuff/YR2/Advanced Engines/AE_PossessionGame/Content/m015662k/Characters/Soldier/Animations/Soldier_AnimBP.uasset" 88
"../../../../../../Users/Arnav/Documents/ARNAV/University Stuff/YR2/Advanced Engines/AE_PossessionGame/Content/m015662k/Characters/Blueprints/BP_Soldier.uasset" 89
"../../../../../../Users/Arnav/Documents/ARNAV/University Stuff/YR2/Advanced Engines/AE_PossessionGame/Content/m015662k/Characters/Cowboy/Cowboy_Male_Skeleton.uasset" 90
"../../../../../../Users/Arnav/Documents/ARNAV/University Stuff/YR2/Advanced Engines/AE_PossessionGame/Content/m015662k/Characters/Cowboy/Cowboy_Male_PhysicsAsset.uasset" 91
"../../../../../../Users/Arnav/Documents/ARNAV/University Stuff/YR2/Advanced Engines/AE_PossessionGame/Content/m015662k/Characters/Cowboy/Top.uasset" 92
"../../../../../../Users/Arnav/Documents/ARNAV/University Stuff/YR2/Advanced Engines/AE_PossessionGame/Content/m015662k/Characters/Cowboy/Skin.uasset" 93
"../../../../../../Users/Arnav/Documents/ARNAV/University Stuff/YR2/Advanced Engines/AE_PossessionGame/Content/m015662k/Characters/Cowboy/Scarf.uasset" 94
"../../../../../../Users/Arnav/Documents/ARNAV/University Stuff/YR2/Advanced Engines/AE_PossessionGame/Content/m015662k/Characters/Cowboy/Pants.uasset" 95
"../../../../../../Users/Arnav/Documents/ARNAV/University Stuff/YR2/Advanced Engines/AE_PossessionGame/Content/m015662k/Characters/Cowboy/Jacket.uasset" 96
"../../../../../../Users/Arnav/Documents/ARNAV/University Stuff/YR2/Advanced Engines/AE_PossessionGame/Content/m015662k/Characters/Cowboy/HatLightBrown.uasset" 97
"../../../../../../Users/Arnav/Documents/ARNAV/University Stuff/YR2/Advanced Engines/AE_PossessionGame/Content/m015662k/Characters/Cowboy/HatBrown.uasset" 98
"../../../../../../Users/Arnav/Documents/ARNAV/University Stuff/YR2/Advanced Engines/AE_PossessionGame/Content/m015662k/Characters/Cowboy/Hair.uasset" 99
"../../../../../../Users/Arnav/Documents/ARNAV/University Stuff/YR2/Advanced Engines/AE_PossessionGame/Content/m015662k/Characters/Cowboy/Face.uasset" 100
"../../../../../../Users/Arnav/Documents/ARNAV/University Stuff/YR2/Advanced Engines/AE_PossessionGame/Content/m015662k/Characters/Cowboy/Cowboy_Male.uasset" 101
"../../../../../../Users/Arnav/Documents/ARNAV/University Stuff/YR2/Advanced Engines/AE_PossessionGame/Content/m015662k/Characters/Cowboy/Animations/Cowboy_Male_Anim_CharacterArmature_Run.uasset" 102
"../../../../../../Users/Arnav/Documents/ARNAV/University Stuff/YR2/Advanced Engines/AE_PossessionGame/Content/m015662k/Characters/Cowboy/Animations/Cowboy_Male_Anim_CharacterArmature_Idle.uasset" 103
"../../../../../../Users/Arnav/Documents/ARNAV/University Stuff/YR2/Advanced Engines/AE_PossessionGame/Content/m015662k/Characters/Cowboy/Animations/Cowboy_BS.uasset" 104
"../../../../../../Users/Arnav/Documents/ARNAV/University Stuff/YR2/Advanced Engines/AE_PossessionGame/Content/m015662k/Characters/Cowboy/Animations/Cowboy_Male_Anim_CharacterArmature_Shoot_OneHanded.uasset" 105
"../../../../../../Users/Arnav/Documents/ARNAV/University Stuff/YR2/Advanced Engines/AE_PossessionGame/Content/m015662k/Characters/Cowboy/Animations/Cowboy_AnimBP.uasset" 106
"../../../../../../Users/Arnav/Documents/ARNAV/University Stuff/YR2/Advanced Engines/AE_PossessionGame/Content/m015662k/Characters/Blueprints/BP_Cowboy.uasset" 107
"../../../../../../Users/Arnav/Documents/ARNAV/University Stuff/YR2/Advanced Engines/AE_PossessionGame/Content/m015662k/Blueprints/Game/BP_PossessionManager.uasset" 108
"../../../../../../Users/Arnav/Documents/ARNAV/University Stuff/YR2/Advanced Engines/AE_PossessionGame/Content/m015662k/Blueprints/Game/Possession_GMB.uasset" 109
"../../../../../../Users/Arnav/Documents/ARNAV/University Stuff/YR2/Advanced Engines/AE_PossessionGame/Content/m015662k/Blueprints/Possession_GMB.uasset" 110
"../../../Engine/Content/EngineMaterials/T_Default_Material_Grid_N.uasset" 111
"../../../Engine/Content/EngineMaterials/T_Default_Material_Grid_M.uasset" 112
"../../../Engine/Content/Functions/Engine_MaterialFunctions01/Opacity/CameraDepthFade.uasset" 113
"../../../Engine/Content/EngineMaterials/WorldGridMaterial.uasset" 114
"../../../Engine/Content/ArtTools/RenderToTexture/Meshes/S_1_Unit_Plane.uasset" 115
"../../../Engine/Content/EngineMaterials/DefaultMaterial.uasset" 116
"../../../Engine/Content/BasicShapes/Cone.uasset" 117
"../../../Engine/Content/BasicShapes/Cube.uasset" 118
"../../../Engine/Content/BasicShapes/Plane.uasset" 119
"../../../Engine/Content/BasicShapes/Sphere.uasset" 120
"../../../Engine/Content/EditorLandscapeResources/DataLayer.uasset" 121
"../../../Engine/Content/EditorLandscapeResources/DefaultAlphaTexture.uasset" 122
"../../../Engine/Content/EditorMaterials/MAT_Groups_Toggle.uasset" 123
"../../../Engine/Content/EditorMaterials/MAT_Groups_Visibility.uasset" 124
"../../../Engine/Content/EditorMaterials/PreviewShadowIndicator.uasset" 125
"../../../Engine/Content/EditorMaterials/PreviewShadowIndicatorMaterial.uasset" 126
"../../../Engine/Content/EditorMaterials/MatineeGroups/MAT_ColorTrack.uasset" 127
"../../../Engine/Content/EditorMaterials/MatineeGroups/MAT_Groups_Anim.uasset" 128
"../../../Engine/Content/EditorMaterials/MatineeGroups/MAT_Groups_AudioMaster.uasset" 129
"../../../Engine/Content/EditorMaterials/MatineeGroups/MAT_Groups_Director.uasset" 130
"../../../Engine/Content/EditorMaterials/MatineeGroups/MAT_Groups_Event.uasset" 131
"../../../Engine/Content/EditorMaterials/MatineeGroups/MAT_Groups_Fade.uasset" 132
"../../../Engine/Content/EditorMaterials/MatineeGroups/MAT_Groups_Float.uasset" 133
"../../../Engine/Content/EditorMaterials/MatineeGroups/MAT_Groups_Move.uasset" 134
"../../../Engine/Content/EditorMaterials/MatineeGroups/MAT_Groups_Slomo.uasset" 135
"../../../Engine/Content/EditorMaterials/MatineeGroups/MAT_Groups_Sound.uasset" 136
"../../../Engine/Content/EditorMaterials/MatineeGroups/MAT_Groups_Vector.uasset" 137
"../../../Engine/Content/EditorMaterials/ParticleSystems/PSysThumbnail_NoImage.uasset" 138
"../../../Engine/Content/EditorMaterials/ParticleSystems/PSysThumbnail_OOD.uasset" 139
"../../../Engine/Content/EditorMaterials/Camera/CineMat.uasset" 140
"../../../Engine/Content/EditorMaterials/Camera/MI_CineMat_Rig.uasset" 141
"../../../Engine/Content/EditorMeshes/Camera/SM_CraneRig_Arm.uasset" 142
"../../../Engine/Content/EditorMeshes/Camera/SM_CraneRig_Base.uasset" 143
"../../../Engine/Content/EditorMeshes/Camera/SM_CraneRig_Body.uasset" 144
"../../../Engine/Content/EditorMeshes/Camera/SM_CraneRig_Mount.uasset" 145
"../../../Engine/Content/EditorMeshes/Camera/SM_RailRig_Mount.uasset" 146
"../../../Engine/Content/EditorMeshes/Camera/SM_RailRig_Track.uasset" 147
"../../../Engine/Content/EditorResources/BSPVertex.uasset" 148
"../../../Engine/Content/EditorResources/EmptyActor.uasset" 149
"../../../Engine/Content/EditorResources/S_Actor.uasset" 150
"../../../Engine/Content/EditorResources/S_Note.uasset" 151
"../../../Engine/Content/EditorResources/S_Solver.uasset" 152
"../../../Engine/Content/EditorResources/S_Terrain.uasset" 153
"../../../Engine/Content/EditorResources/S_Trigger.uasset" 154
"../../../Engine/Content/EditorResources/LightIcons/S_LightError.uasset" 155
"../../../Engine/Content/EditorResources/SequenceRecorder/Countdown.uasset" 156
"../../../Engine/Content/EditorResources/SequenceRecorder/RecordingIndicator.uasset" 157
"../../../Engine/Content/EngineDamageTypes/DmgTypeBP_Environmental.uasset" 158
"../../../Engine/Content/EngineDebugMaterials/DebugEditorMaterial.uasset" 159
"../../../Engine/Content/EngineDebugMaterials/DebugMeshMaterial.uasset" 160
"../../../Engine/Content/EngineDebugMaterials/M_SimpleUnlitTranslucent.uasset" 161
"../../../Engine/Content/EngineDebugMaterials/VolumeToRender.uasset" 162
"../../../Engine/Content/Functions/Engine_MaterialFunctions02/Utility/CameraDirectionVector.uasset" 163
"../../../Engine/Content/EngineDebugMaterials/M_VolumeRenderSphereTracePP.uasset" 164
"../../../Engine/Content/Functions/Engine_MaterialFunctions01/Shading/ConvertFromDiffSpec.uasset" 165
"../../../Engine/Content/EngineDebugMaterials/VertexColorMaterial.uasset" 166
"../../../Engine/Content/EngineDebugMaterials/WireframeMaterial.uasset" 167
"../../../Engine/Content/EngineFonts/Faces/RobotoRegular.uasset" 168
"../../../Engine/Content/EngineFonts/Faces/RobotoLight.uasset" 169
"../../../Engine/Content/EngineFonts/Faces/RobotoItalic.uasset" 170
"../../../Engine/Content/EngineFonts/Faces/RobotoBoldItalic.uasset" 171
"../../../Engine/Content/EngineFonts/Faces/RobotoBold.uasset" 172
"../../../Engine/Content/EngineFonts/Faces/DroidSansFallback.uasset" 173
"../../../Engine/Content/EngineFonts/Roboto.uasset" 174
"../../../Engine/Content/EngineMaterials/BaseFlattenNormalMap.uasset" 175
"../../../Engine/Content/EngineMaterials/BaseFlattenGrayscaleMap.uasset" 176
"../../../Engine/Content/EngineMaterials/BaseFlattenEmissiveMap.uasset" 177
"../../../Engine/Content/EngineMaterials/BaseFlattenDiffuseMap.uasset" 178
"../../../Engine/Content/EngineMaterials/BaseFlattenMaterial.uasset" 179
"../../../Engine/Content/EngineMaterials/BlueNoise.uasset" 180
"../../../Engine/Content/EngineMaterials/DefaultBloomKernel.uasset" 181
"../../../Engine/Content/EngineMaterials/DefaultBokeh.uasset" 182
"../../../Engine/Content/EngineMaterials/DefaultDiffuse.uasset" 183
"../../../Engine/Content/EngineMaterials/DefaultDeferredDecalMaterial.uasset" 184
"../../../Engine/Content/EngineMaterials/DefaultLightFunctionMaterial.uasset" 185
"../../../Engine/Content/EngineMaterials/DefaultPhysicalMaterial.uasset" 186
"../../../Engine/Content/Functions/Engine_MaterialFunctions02/Utility/BreakOutFloat2Components.uasset" 187
"../../../Engine/Content/EngineMaterials/DefaultPostProcessMaterial.uasset" 188
"../../../Engine/Content/EngineFonts/RobotoDistanceField.uasset" 189
"../../../Engine/Content/EngineMaterials/DefaultTextMaterialOpaque.uasset" 190
"../../../Engine/Content/EngineMaterials/DefaultWhiteGrid.uasset" 191
"../../../Engine/Content/EngineMaterials/DefaultWhiteGrid_Low.uasset" 192
"../../../Engine/Content/EngineMaterials/EmissiveMeshMaterial.uasset" 193
"../../../Engine/Content/EngineMaterials/GizmoMaterial.uasset" 194
"../../../Engine/Content/EngineMaterials/Good64x64TilingNoiseHighFreq.uasset" 195
"../../../Engine/Content/EngineMaterials/MiniFont.uasset" 196
"../../../Engine/Content/EngineMaterials/InvalidLightmapSettings.uasset" 197
"../../../Engine/Content/EngineMaterials/M_InvalidLightmapSettings.uasset" 198
"../../../Engine/Content/Functions/Engine_MaterialFunctions02/WorldPositionOffset/CameraOffset.uasset" 199
"../../../Engine/Content/EngineMaterials/PhAT_JointLimitMaterial.uasset" 200
"../../../Engine/Content/EngineMaterials/PreintegratedSkinBRDF.uasset" 201
"../../../Engine/Content/EngineMaterials/RemoveSurfaceMaterial.uasset" 202
"../../../Engine/Content/EngineMaterials/WeightMapPlaceholderTexture.uasset" 203
"../../../Engine/Content/EngineResources/WhiteSquareTexture.uasset" 204
"../../../Engine/Content/EngineMaterials/Widget3DPassThrough.uasset" 205
"../../../Engine/Content/EngineMaterials/Widget3DPassThrough_Masked.uasset" 206
"../../../Engine/Content/EngineMaterials/Widget3DPassThrough_Opaque.uasset" 207
"../../../Engine/Content/EngineMaterials/Widget3DPassThrough_Masked_OneSided.uasset" 208
"../../../Engine/Content/EngineMaterials/Widget3DPassThrough_Opaque_OneSided.uasset" 209
"../../../Engine/Content/EngineMaterials/Widget3DPassThrough_Translucent.uasset" 210
"../../../Engine/Content/EngineMaterials/Widget3DPassThrough_Translucent_OneSided.uasset" 211
"../../../Engine/Content/EngineMeshes/Cube.uasset" 212
"../../../Engine/Content/EngineMeshes/Cylinder.uasset" 213
"../../../Engine/Content/EngineMeshes/Sphere.uasset" 214
"../../../Engine/Content/EngineResources/Black.uasset" 215
"../../../Engine/Content/EngineResources/DefaultTextureCube.uasset" 216
"../../../Engine/Content/EngineResources/DefaultVolumeTexture2D.uasset" 217
"../../../Engine/Content/EngineResources/DefaultVolumeTexture.uasset" 218
"../../../Engine/Content/EngineResources/GradientTexture0.uasset" 219
"../../../Engine/Content/EngineSky/VolumetricClouds/T_NoiseShape64.uasset" 220
"../../../Engine/Content/EngineSky/VolumetricClouds/T_VolumeNoiseShape64.uasset" 221
"../../../Engine/Content/EngineSky/VolumetricClouds/T_NoiseErosion.uasset" 222
"../../../Engine/Content/EngineSky/VolumetricClouds/T_VolumeNoiseErosion32.uasset" 223
"../../../Engine/Content/Functions/Engine_MaterialFunctions02/Utility/MakeFloat2.uasset" 224
"../../../Engine/Content/EngineSky/VolumetricClouds/CloudWeatherTexture.uasset" 225
"../../../Engine/Content/EngineSky/VolumetricClouds/CloudGradientTexture.uasset" 226
"../../../Engine/Content/EngineSky/VolumetricClouds/m_SimpleVolumetricCloud.uasset" 227
"../../../Engine/Content/EngineSky/VolumetricClouds/m_SimpleVolumetricCloud_Inst.uasset" 228
"../../../Engine/Content/EngineSounds/Master.uasset" 229
"../../../Engine/Content/Functions/Engine_MaterialFunctions01/Shading/PowerToRoughness.uasset" 230
"../../../Engine/Content/Maps/Templates/Thumbnails/Default.uasset" 231
"../../../Engine/Content/Maps/Templates/Thumbnails/TimeOfDay.uasset" 232
"../../../Engine/Content/Maps/Templates/Thumbnails/VR-Basic.uasset" 233
"../../../Engine/Content/MobileResources/T_MobileControls_texture.uasset" 234
"../../../Engine/Content/MobileResources/T_MobileMenu2.uasset" 235
"../../../Engine/Content/MobileResources/HUD/AnalogHat.uasset" 236
"../../../Engine/Content/MobileResources/HUD/VirtualJoystick_Thumb.uasset" 237
"../../../Engine/Content/MobileResources/HUD/VirtualJoystick_Background.uasset" 238
"../../../Engine/Content/MobileResources/HUD/DefaultVirtualJoysticks.uasset" 239
"../../../Engine/Content/MobileResources/HUD/LeftVirtualJoystickOnly.uasset" 240
"../../../Engine/Content/MobileResources/HUD/MobileHUDButton1_off.uasset" 241
"../../../Engine/Content/MobileResources/HUD/MobileHUDButton1_on.uasset" 242
"../../../Engine/Content/MobileResources/HUD/MobileHUDButton2_off.uasset" 243
"../../../Engine/Content/MobileResources/HUD/MobileHUDButton2_on.uasset" 244
"../../../Engine/Content/MobileResources/HUD/MobileHUDButton3.uasset" 245
"../../../Engine/Content/MobileResources/HUD/MobileHUDButtonFire.uasset" 246
"../../../Engine/Content/MobileResources/HUD/MobileHUDDirectionPad.uasset" 247
"../../../Engine/Content/MobileResources/HUD/MobileHUDDirectionPad2.uasset" 248
"../../../Engine/Content/MobileResources/HUD/MobileHUDDirectionPad3.uasset" 249
"../../../Engine/Content/MobileResources/HUD/MobileHUDDirectionStick.uasset" 250
"../../../Engine/Content/MobileResources/HUD/T_Castle_ThumbstickInner.uasset" 251
"../../../Engine/Content/MobileResources/HUD/T_Castle_ThumbstickOutter.uasset" 252
"../../../Engine/Content/Tutorial/ContentIntroCurve.uasset" 253
"../../../Engine/Content/Tutorial/Basics/LevelEditorAttract.uasset" 254
"../../../Engine/Content/Tutorial/Basics/TutorialAssets/icon_tab_Levels_40x.uasset" 255
"../../../Engine/Content/Tutorial/Basics/LevelEditorOverview.uasset" 256
"../../../Engine/Content/Tutorial/BlueprintTutorials/TutorialAssets/Blueprint_64x.uasset" 257
"../../../Engine/Content/Tutorial/BlueprintTutorials/BlueprintEditorTutorial.uasset" 258
"../../../Engine/Content/Tutorial/BlueprintTutorials/TutorialAssets/BlueprintMacroLibrary_64x.uasset" 259
"../../../Engine/Content/Tutorial/BlueprintTutorials/BlueprintMacroLibrariesEditorOverview.uasset" 260
"../../../Engine/Content/Tutorial/BlueprintTutorials/TutorialAssets/Tutorial_BP_MacroLib.uasset" 261
"../../../Engine/Content/Tutorial/Code/AddingCode.uasset" 262
"../../../Engine/Content/Tutorial/Installation/InstallingVisualStudioTutorial.uasset" 263
"../../../Engine/Content/Tutorial/SubEditors/MaterialEditorTutorial.uasset" 264
"../../../Engine/Content/Tutorial/SubEditors/StaticMeshEditorTutorial.uasset" 265
"../../../Engine/Content/Tutorial/SubEditors/TutorialAssets/TutorialMaterial.uasset" 266
"../../../Engine/Content/VREditor/TransformGizmo/TranslucentTransformGizmoMaterial.uasset" 267
"../../../Engine/Content/VREditor/LaserPointer/VR_LaserPower_01.uasset" 268
"../../../Engine/Content/VREditor/TransformGizmo/TransformGizmoMaterial.uasset" 269
"../../../Engine/Content/VREditor/TransformGizmo/BoundingBoxCorner.uasset" 270
"../../../Engine/Content/VREditor/TransformGizmo/BoundingBoxEdge.uasset" 271
"../../../Engine/Content/VREditor/TransformGizmo/PlaneTranslationHandle.uasset" 272
"../../../Engine/Content/VREditor/TransformGizmo/Xray.uasset" 273
"../../../Engine/Content/VREditor/TransformGizmo/Main.uasset" 274
"../../../Engine/Content/VREditor/TransformGizmo/SM_Sequencer_Key.uasset" 275
"../../../Engine/Content/VREditor/TransformGizmo/SM_Sequencer_Node.uasset" 276
"../../Plugins/2D/Paper2D/Content/PlaceholderTextures/DummySpriteTexture.uasset" 277
"../../Plugins/2D/Paper2D/Content/DummySprite.uasset" 278
"../../Plugins/2D/Paper2D/Content/DefaultPaperTerrainMaterial.uasset" 279
"../../Plugins/2D/Paper2D/Content/DefaultSpriteMaterial.uasset" 280
"../../Plugins/2D/Paper2D/Content/MaskedUnlitSpriteMaterial.uasset" 281
"../../Plugins/2D/Paper2D/Content/OpaqueUnlitSpriteMaterial.uasset" 282
"../../../Engine/Content/BasicShapes/Cylinder.uasset" 283
"../../../Engine/Content/ArtTools/RenderToTexture/Materials/Debug/M_Emissive_Color.uasset" 284
"../../Plugins/Lumin/MagicLeapPassableWorld/Content/MagicLeapARPinInfoActor.uasset" 285
"../../../Engine/Content/Functions/Engine_MaterialFunctions02/SafeNormalize.uasset" 286
"../../../Engine/Content/Functions/Engine_MaterialFunctions02/ObjectLocalBounds.uasset" 287
"../../../Engine/Content/Functions/Engine_MaterialFunctions02/Utility/BreakOutFloat3Components.uasset" 288
"../../Plugins/Editor/SpeedTreeImporter/Content/SpeedTree9/UnpackInteger3.uasset" 289
"../../Plugins/Editor/SpeedTreeImporter/Content/SpeedTree9/UnpackDirection.uasset" 290
"../../Plugins/Editor/SpeedTreeImporter/Content/SpeedTree9/game_wind_noise.uasset" 291
"../../Plugins/Editor/SpeedTreeImporter/Content/SpeedTree9/SpeedTreeWindMotion.uasset" 292
"../../Plugins/Editor/SpeedTreeImporter/Content/SpeedTree9/SpeedTreeBranchMotion.uasset" 293
"../../../Engine/Content/Functions/Engine_MaterialFunctions02/UVs/BoundingBoxBased_0-1_UVW.uasset" 294
"../../Plugins/Editor/SpeedTreeImporter/Content/SpeedTree9/SpeedTreeWind.uasset" 295
"../../Plugins/Editor/SpeedTreeImporter/Content/SpeedTree9/SpeedTreeBillboard.uasset" 296
"../../../Engine/Content/EngineResources/DefaultTexture.uasset" 297
"../../Plugins/Editor/SpeedTreeImporter/Content/SpeedTree9/SpeedTreeBillboardMaster.uasset" 298
"../../Plugins/Editor/SpeedTreeImporter/Content/SpeedTree9/SpeedTreeCameraFacing.uasset" 299
"../../Plugins/Editor/SpeedTreeImporter/Content/SpeedTree9/SpeedTreeMaster.uasset" 300
"../../../Engine/Content/Functions/Engine_MaterialFunctions02/Utility/MakeFloat3.uasset" 301
"../../../Engine/Content/Functions/Engine_MaterialFunctions02/Utility/BreakOutFloat4Components.uasset" 302
"../../Plugins/Runtime/Oculus/OculusVR/Content/Materials/OculusMR_ChromaKey.uasset" 303
"../../Plugins/Runtime/Oculus/OculusVR/Content/Materials/OculusMR_OpaqueColoredMaterial.uasset" 304
"../../Plugins/Runtime/Oculus/OculusVR/Content/Materials/PokeAHoleMaterial.uasset" 305
"../../../../../../Users/Arnav/Documents/ARNAV/University Stuff/YR2/Advanced Engines/AE_PossessionGame/Content/m015662k/LevelMaps/m015662k_Geometry_BuiltData.uasset" 306
"../../../../../../Users/Arnav/Documents/ARNAV/University Stuff/YR2/Advanced Engines/AE_PossessionGame/Content/m015662k/Blueprints/Game/BP_Checkpoint.uasset" 307
"../../../../../../Users/Arnav/Documents/ARNAV/University Stuff/YR2/Advanced Engines/AE_PossessionGame/Content/m015662k/Assets/UI/Doors/BPI_DoorUI.uasset" 308
"../../../../../../Users/Arnav/Documents/ARNAV/University Stuff/YR2/Advanced Engines/AE_PossessionGame/Content/m015662k/Assets/UI/Doors/UI_Door.uasset" 309
"../../../../../../Users/Arnav/Documents/ARNAV/University Stuff/YR2/Advanced Engines/AE_PossessionGame/Content/m015662k/Assets/ModularSciFi/DarkAccent.uasset" 310
"../../../../../../Users/Arnav/Documents/ARNAV/University Stuff/YR2/Advanced Engines/AE_PossessionGame/Content/m015662k/Assets/ModularSciFi/Main.uasset" 311
"../../../../../../Users/Arnav/Documents/ARNAV/University Stuff/YR2/Advanced Engines/AE_PossessionGame/Content/m015662k/Assets/ModularSciFi/DarkGrey.uasset" 312
"../../../../../../Users/Arnav/Documents/ARNAV/University Stuff/YR2/Advanced Engines/AE_PossessionGame/Content/m015662k/Assets/ModularSciFi/Black.uasset" 313
"../../../../../../Users/Arnav/Documents/ARNAV/University Stuff/YR2/Advanced Engines/AE_PossessionGame/Content/m015662k/Assets/ModularSciFi/Accent.uasset" 314
"../../../../../../Users/Arnav/Documents/ARNAV/University Stuff/YR2/Advanced Engines/AE_PossessionGame/Content/m015662k/Assets/ModularSciFi/Door_Double_Door_Double_R.uasset" 315
"../../../../../../Users/Arnav/Documents/ARNAV/University Stuff/YR2/Advanced Engines/AE_PossessionGame/Content/m015662k/Assets/ModularSciFi/Door_Double_Door_Double_L.uasset" 316
"../../../../../../Users/Arnav/Documents/ARNAV/University Stuff/YR2/Advanced Engines/AE_PossessionGame/Content/m015662k/Blueprints/Doors/BP_DoorBase.uasset" 317
"../../../../../../Users/Arnav/Documents/ARNAV/University Stuff/YR2/Advanced Engines/AE_PossessionGame/Content/m015662k/Blueprints/Doors/BP_ProximityDoor.uasset" 318
"../../../../../../Users/Arnav/Documents/ARNAV/University Stuff/YR2/Advanced Engines/AE_PossessionGame/Content/m015662k/Assets/ModularSciFi/FloorTile_Basic2_FloorTile_Basic2.uasset" 319
"../../../../../../Users/Arnav/Documents/ARNAV/University Stuff/YR2/Advanced Engines/AE_PossessionGame/Content/m015662k/Assets/Materials/M_PressurePlate.uasset" 320
"../../../../../../Users/Arnav/Documents/ARNAV/University Stuff/YR2/Advanced Engines/AE_PossessionGame/Content/m015662k/Assets/Materials/M_PressurePlateOn.uasset" 321
"../../../../../../Users/Arnav/Documents/ARNAV/University Stuff/YR2/Advanced Engines/AE_PossessionGame/Content/m015662k/Assets/Materials/M_PressurePlateOff.uasset" 322
"../../../../../../Users/Arnav/Documents/ARNAV/University Stuff/YR2/Advanced Engines/AE_PossessionGame/Content/Geometry/Meshes/CubeMaterial.uasset" 323
"../../../../../../Users/Arnav/Documents/ARNAV/University Stuff/YR2/Advanced Engines/AE_PossessionGame/Content/Geometry/Meshes/1M_Cube.uasset" 324
"../../../../../../Users/Arnav/Documents/ARNAV/University Stuff/YR2/Advanced Engines/AE_PossessionGame/Content/m015662k/Blueprints/Doors/BP_PressurePlate.uasset" 325
"../../../../../../Users/Arnav/Documents/ARNAV/University Stuff/YR2/Advanced Engines/AE_PossessionGame/Content/m015662k/Blueprints/Doors/BP_PressurePlateDoor.uasset" 326
"../../../../../../Users/Arnav/Documents/ARNAV/University Stuff/YR2/Advanced Engines/AE_PossessionGame/Content/m015662k/Blueprints/Doors/BP_FightEnterDoor.uasset" 327
"../../../../../../Users/Arnav/Documents/ARNAV/University Stuff/YR2/Advanced Engines/AE_PossessionGame/Content/m015662k/Blueprints/Game/BP_FightVolume.uasset" 328
"../../../../../../Users/Arnav/Documents/ARNAV/University Stuff/YR2/Advanced Engines/AE_PossessionGame/Content/m015662k/Blueprints/Doors/BP_FightExitDoor.uasset" 329
"../../../../../../Users/Arnav/Documents/ARNAV/University Stuff/YR2/Advanced Engines/AE_PossessionGame/Content/m015662k/Blueprints/Game/BP_SpawnPoint.uasset" 330
"../../../../../../Users/Arnav/Documents/ARNAV/University Stuff/YR2/Advanced Engines/AE_PossessionGame/Content/m015662k/Blueprints/ActorMacros.uasset" 331
"../../../../../../Users/Arnav/Documents/ARNAV/University Stuff/YR2/Advanced Engines/AE_PossessionGame/Content/m015662k/Blueprints/Game/BP_RoomSpawnTrigger.uasset" 332
"../../../../../../Users/Arnav/Documents/ARNAV/University Stuff/YR2/Advanced Engines/AE_PossessionGame/Content/m015662k/Blueprints/AI/Zombie/Decorators-Tasks/BT_SetLookRotation_T.uasset" 333
"../../../../../../Users/Arnav/Documents/ARNAV/University Stuff/YR2/Advanced Engines/AE_PossessionGame/Content/m015662k/Blueprints/AI/Zombie/Decorators-Tasks/BT_GetActorLocation_S.uasset" 334
"../../../../../../Users/Arnav/Documents/ARNAV/University Stuff/YR2/Advanced Engines/AE_PossessionGame/Content/m015662k/Blueprints/AI/Zombie/Decorators-Tasks/BT_FindRandomLocation_T.uasset" 335
"../../../../../../Users/Arnav/Documents/ARNAV/University Stuff/YR2/Advanced Engines/AE_PossessionGame/Content/m015662k/Blueprints/AI/Zombie/Decorators-Tasks/BT_EnemyShootPlayer_T.uasset" 336
"../../../../../../Users/Arnav/Documents/ARNAV/University Stuff/YR2/Advanced Engines/AE_PossessionGame/Content/m015662k/Blueprints/AI/Zombie/Decorators-Tasks/BT_CheckInRange_S.uasset" 337
"../../../../../../Users/Arnav/Documents/ARNAV/University Stuff/YR2/Advanced Engines/AE_PossessionGame/Content/m015662k/Blueprints/AI/Zombie/Decorators-Tasks/BT_ChasePlayer_T.uasset" 338
"../../../../../../Users/Arnav/Documents/ARNAV/University Stuff/YR2/Advanced Engines/AE_PossessionGame/Content/m015662k/Blueprints/AI/Zombie/BB_Zombie.uasset" 339
"../../../../../../Users/Arnav/Documents/ARNAV/University Stuff/YR2/Advanced Engines/AE_PossessionGame/Content/m015662k/Blueprints/AI/Zombie/BT_Zombie.uasset" 340
"../../../../../../Users/Arnav/Documents/ARNAV/University Stuff/YR2/Advanced Engines/AE_PossessionGame/Content/m015662k/Blueprints/AI/Zombie/AI_ZombieController.uasset" 341
"../../../../../../Users/Arnav/Documents/ARNAV/University Stuff/YR2/Advanced Engines/AE_PossessionGame/Content/m015662k/Characters/Zombie/Zombie_Male_Skeleton.uasset" 342
"../../../../../../Users/Arnav/Documents/ARNAV/University Stuff/YR2/Advanced Engines/AE_PossessionGame/Content/m015662k/Characters/Zombie/Zombie_Male_PhysicsAsset.uasset" 343
"../../../../../../Users/Arnav/Documents/ARNAV/University Stuff/YR2/Advanced Engines/AE_PossessionGame/Content/m015662k/Characters/Zombie/Skin.uasset" 344
"../../../../../../Users/Arnav/Documents/ARNAV/University Stuff/YR2/Advanced Engines/AE_PossessionGame/Content/m015662k/Characters/Zombie/Pants.uasset" 345
"../../../../../../Users/Arnav/Documents/ARNAV/University Stuff/YR2/Advanced Engines/AE_PossessionGame/Content/m015662k/Characters/Zombie/Guts.uasset" 346
"../../../../../../Users/Arnav/Documents/ARNAV/University Stuff/YR2/Advanced Engines/AE_PossessionGame/Content/m015662k/Characters/Zombie/Face.uasset" 347
"../../../../../../Users/Arnav/Documents/ARNAV/University Stuff/YR2/Advanced Engines/AE_PossessionGame/Content/m015662k/Characters/Zombie/DarkClothes.uasset" 348
"../../../../../../Users/Arnav/Documents/ARNAV/University Stuff/YR2/Advanced Engines/AE_PossessionGame/Content/m015662k/Characters/Zombie/Clothes.uasset" 349
"../../../../../../Users/Arnav/Documents/ARNAV/University Stuff/YR2/Advanced Engines/AE_PossessionGame/Content/m015662k/Characters/Zombie/Brain.uasset" 350
"../../../../../../Users/Arnav/Documents/ARNAV/University Stuff/YR2/Advanced Engines/AE_PossessionGame/Content/m015662k/Characters/Zombie/Bones.uasset" 351
"../../../../../../Users/Arnav/Documents/ARNAV/University Stuff/YR2/Advanced Engines/AE_PossessionGame/Content/m015662k/Characters/Zombie/Zombie_Male.uasset" 352
"../../../../../../Users/Arnav/Documents/ARNAV/University Stuff/YR2/Advanced Engines/AE_PossessionGame/Content/m015662k/Characters/Zombie/Animations/Zombie_Male_Anim_CharacterArmature_Run.uasset" 353
"../../../../../../Users/Arnav/Documents/ARNAV/University Stuff/YR2/Advanced Engines/AE_PossessionGame/Content/m015662k/Characters/Zombie/Animations/Zombie_Male_Anim_CharacterArmature_Idle.uasset" 354
"../../../../../../Users/Arnav/Documents/ARNAV/University Stuff/YR2/Advanced Engines/AE_PossessionGame/Content/m015662k/Characters/Zombie/Animations/Zombie_AnimBS.uasset" 355
"../../../../../../Users/Arnav/Documents/ARNAV/University Stuff/YR2/Advanced Engines/AE_PossessionGame/Content/m015662k/Characters/Zombie/Animations/Zombie_Male_Anim_CharacterArmature_Shoot_OneHanded.uasset" 356
"../../../../../../Users/Arnav/Documents/ARNAV/University Stuff/YR2/Advanced Engines/AE_PossessionGame/Content/m015662k/Characters/Zombie/Animations/Zombie_AnimBP.uasset" 357
"../../../../../../Users/Arnav/Documents/ARNAV/University Stuff/YR2/Advanced Engines/AE_PossessionGame/Content/m015662k/Characters/Blueprints/BP_EnemyZombie.uasset" 358
"../../../../../../Users/Arnav/Documents/ARNAV/University Stuff/YR2/Advanced Engines/AE_PossessionGame/Content/m015662k/Blueprints/Game/BP_TextDisplay.uasset" 359
"../../../../../../Users/Arnav/Documents/ARNAV/University Stuff/YR2/Advanced Engines/AE_PossessionGame/Content/m015662k/Blueprints/Game/BP_HealthVolume.uasset" 360
"../../../../../../Users/Arnav/Documents/ARNAV/University Stuff/YR2/Advanced Engines/AE_PossessionGame/Content/m015662k/Assets/ModularSciFi/Walls/Glass.uasset" 361
"../../../../../../Users/Arnav/Documents/ARNAV/University Stuff/YR2/Advanced Engines/AE_PossessionGame/Content/m015662k/Assets/ModularSciFi/Walls/Main.uasset" 362
"../../../../../../Users/Arnav/Documents/ARNAV/University Stuff/YR2/Advanced Engines/AE_PossessionGame/Content/m015662k/Assets/ModularSciFi/Walls/Light.uasset" 363
"../../../../../../Users/Arnav/Documents/ARNAV/University Stuff/YR2/Advanced Engines/AE_PossessionGame/Content/m015662k/Assets/ModularSciFi/Walls/DarkGrey.uasset" 364
"../../../../../../Users/Arnav/Documents/ARNAV/University Stuff/YR2/Advanced Engines/AE_PossessionGame/Content/m015662k/Assets/ModularSciFi/Walls/Accent.uasset" 365
"../../../../../../Users/Arnav/Documents/ARNAV/University Stuff/YR2/Advanced Engines/AE_PossessionGame/Content/m015662k/Assets/ModularSciFi/Walls/Window_Wall_SideA_Window_Wall_SideA.uasset" 366
"../../../../../../Users/Arnav/Documents/ARNAV/University Stuff/YR2/Advanced Engines/AE_PossessionGame/Content/m015662k/Assets/ModularSciFi/Walls/Wall_Empty_Wall_Empty.uasset" 367
"../../../../../../Users/Arnav/Documents/ARNAV/University Stuff/YR2/Advanced Engines/AE_PossessionGame/Content/m015662k/Assets/ModularSciFi/Walls/DarkAccent.uasset" 368
"../../../../../../Users/Arnav/Documents/ARNAV/University Stuff/YR2/Advanced Engines/AE_PossessionGame/Content/m015662k/Assets/ModularSciFi/Walls/Black.uasset" 369
"../../../../../../Users/Arnav/Documents/ARNAV/University Stuff/YR2/Advanced Engines/AE_PossessionGame/Content/m015662k/Assets/ModularSciFi/Walls/Wall_5_Wall_5.uasset" 370
"../../../../../../Users/Arnav/Documents/ARNAV/University Stuff/YR2/Advanced Engines/AE_PossessionGame/Content/m015662k/Assets/ModularSciFi/Walls/Wall_4_Wall_4.uasset" 371
"../../../../../../Users/Arnav/Documents/ARNAV/University Stuff/YR2/Advanced Engines/AE_PossessionGame/Content/m015662k/Assets/ModularSciFi/Walls/Wall_3_Wall_3.uasset" 372
"../../../../../../Users/Arnav/Documents/ARNAV/University Stuff/YR2/Advanced Engines/AE_PossessionGame/Content/m015662k/Assets/ModularSciFi/Walls/Wall_2_Wall_2.uasset" 373
"../../../../../../Users/Arnav/Documents/ARNAV/University Stuff/YR2/Advanced Engines/AE_PossessionGame/Content/m015662k/Assets/ModularSciFi/Walls/Wall_1_Wall_1.uasset" 374
"../../../../../../Users/Arnav/Documents/ARNAV/University Stuff/YR2/Advanced Engines/AE_PossessionGame/Content/m015662k/Assets/ModularSciFi/Walls/SmallWindows_Wall_SideB_SmallWindows_Wall_SideB.uasset" 375
"../../../../../../Users/Arnav/Documents/ARNAV/University Stuff/YR2/Advanced Engines/AE_PossessionGame/Content/m015662k/Assets/ModularSciFi/Walls/SmallWindows_Wall_SideA_SmallWindows_Wall_SideA.uasset" 376
"../../../../../../Users/Arnav/Documents/ARNAV/University Stuff/YR2/Advanced Engines/AE_PossessionGame/Content/m015662k/Assets/ModularSciFi/Walls/LongWindow_Wall_SideB_LongWindow_Wall_SideB.uasset" 377
"../../../../../../Users/Arnav/Documents/ARNAV/University Stuff/YR2/Advanced Engines/AE_PossessionGame/Content/m015662k/Assets/ModularSciFi/Walls/DoorSingle_Wall_SideA_DoorSingle_Wall_SideA.uasset" 378
"../../../../../../Users/Arnav/Documents/ARNAV/University Stuff/YR2/Advanced Engines/AE_PossessionGame/Content/m015662k/Assets/ModularSciFi/Walls/DoorDouble_Wall_SideB_DoorDouble_Wall_SideB.uasset" 379
"../../../../../../Users/Arnav/Documents/ARNAV/University Stuff/YR2/Advanced Engines/AE_PossessionGame/Content/m015662k/Assets/ModularSciFi/Walls/DoorDouble_Wall_SideA_DoorDouble_Wall_SideA.uasset" 380
"../../../../../../Users/Arnav/Documents/ARNAV/University Stuff/YR2/Advanced Engines/AE_PossessionGame/Content/m015662k/Assets/ModularSciFi/FloorTile_Side_FloorTile_Side.uasset" 381
"../../../../../../Users/Arnav/Documents/ARNAV/University Stuff/YR2/Advanced Engines/AE_PossessionGame/Content/m015662k/Assets/ModularSciFi/FloorTile_InnerCorner_FloorTile_InnerCorner.uasset" 382
"../../../../../../Users/Arnav/Documents/ARNAV/University Stuff/YR2/Advanced Engines/AE_PossessionGame/Content/m015662k/Assets/ModularSciFi/FloorTile_Empty_FloorTile_Empty.uasset" 383
"../../../../../../Users/Arnav/Documents/ARNAV/University Stuff/YR2/Advanced Engines/AE_PossessionGame/Content/m015662k/Assets/ModularSciFi/FloorTile_Double_Hallway_FloorTile_Double.uasset" 384
"../../../../../../Users/Arnav/Documents/ARNAV/University Stuff/YR2/Advanced Engines/AE_PossessionGame/Content/m015662k/Assets/ModularSciFi/FloorTile_Corner_FloorTile_Corner.uasset" 385
"../../../../../../Users/Arnav/Documents/ARNAV/University Stuff/YR2/Advanced Engines/AE_PossessionGame/Content/m015662k/Assets/ModularSciFi/FloorTile_Basic_FloorTile_Basic.uasset" 386
"../../../../../../Users/Arnav/Documents/ARNAV/University Stuff/YR2/Advanced Engines/AE_PossessionGame/Content/m015662k/Assets/ModularSciFi/Pipes.uasset" 387
"../../../../../../Users/Arnav/Documents/ARNAV/University Stuff/YR2/Advanced Engines/AE_PossessionGame/Content/m015662k/Assets/ModularSciFi/Column_Slim_Column_Slim.uasset" 388
"../../../../../../Users/Arnav/Documents/ARNAV/University Stuff/YR2/Advanced Engines/AE_PossessionGame/Content/m015662k/Assets/ModularSciFi/Column_3_Column_3.uasset" 389
"../../../../../../Users/Arnav/Documents/ARNAV/University Stuff/YR2/Advanced Engines/AE_PossessionGame/Content/m015662k/Assets/ModularSciFi/Column_2_Column_2.uasset" 390
"../../../../../../Users/Arnav/Documents/ARNAV/University Stuff/YR2/Advanced Engines/AE_PossessionGame/Content/m015662k/Assets/ModularSciFi/Column_1_Column_1.uasset" 391
"../../../../../../Users/Arnav/Documents/ARNAV/University Stuff/YR2/Advanced Engines/AE_PossessionGame/Content/m015662k/LevelMaps/m015662k_Geometry.umap" 392
"../../../Engine/Content/EngineSky/T_Sky_Stars.uasset" 393
"../../../Engine/Content/EngineSky/T_Sky_Clouds_M.uasset" 394
"../../../Engine/Content/EngineSky/T_Sky_Blue.uasset" 395
"../../../Engine/Content/EngineSky/M_Sky_Panning_Clouds2.uasset" 396
"../../../../../../Users/Arnav/Documents/ARNAV/University Stuff/YR2/Advanced Engines/AE_PossessionGame/Content/m015662k/LevelMaps/m015662k_Lighting_BuiltData.uasset" 397
"../../../Engine/Content/EngineSky/SM_SkySphere.uasset" 398
"../../../Engine/Content/EngineSky/C_Sky_Zenith_Color.uasset" 399
"../../../Engine/Content/EngineSky/C_Sky_Horizon_Color.uasset" 400
"../../../Engine/Content/EngineSky/C_Sky_Cloud_Color.uasset" 401
"../../../Engine/Content/EngineSky/BP_Sky_Sphere.uasset" 402
"../../../../../../Users/Arnav/Documents/ARNAV/University Stuff/YR2/Advanced Engines/AE_PossessionGame/Content/m015662k/LevelMaps/m015662k_Lighting.umap" 403
"../../../../../../Users/Arnav/Documents/ARNAV/University Stuff/YR2/Advanced Engines/AE_PossessionGame/Content/m015662k/LevelMaps/m015662k_Persistent_BuiltData.uasset" 404
"../../../../../../Users/Arnav/Documents/ARNAV/University Stuff/YR2/Advanced Engines/AE_PossessionGame/Content/m015662k/LevelMaps/m015662k_Persistent.umap" 405
"../../../Engine/Content/Maps/Entry_BuiltData.uasset" 406
"../../../Engine/Content/Maps/Entry.umap" 407
